<?xml version="1.0" encoding="UTF-8"?>
<!-- Generated by org.testng.reporters.JUnitReportReporter -->
<testsuite hostname="LAPTOP-E3P6GM11" failures="0" tests="5" name="com.TestNG_Practice.Test1" time="0.015" errors="0" timestamp="2022-02-21T13:21:35 IST" skipped="0">
  <testcase classname="com.TestNG_Practice.Test1" name="test22" time="0.004"/>
  <system-out/>
  <testcase classname="com.TestNG_Practice.Test1" name="test1" time="0.005"/>
  <system-out/>
  <testcase classname="com.TestNG_Practice.Test1" name="test21" time="0.002"/>
  <system-out/>
  <testcase classname="com.TestNG_Practice.Test1" name="Test" time="0.001"/>
  <system-out/>
  <testcase classname="com.TestNG_Practice.Test1" name="test2" time="0.003"/>
  <system-out/>
</testsuite> <!-- com.TestNG_Practice.Test1 -->
