<?xml version="1.0" encoding="UTF-8"?>
<!-- Generated by org.testng.reporters.JUnitReportReporter -->
<testsuite hostname="LAPTOP-E3P6GM11" failures="0" tests="1" name="com.TestNG_Practice.Assertion" time="4.442" errors="0" timestamp="2022-02-25T12:36:51 IST" skipped="0">
  <testcase classname="com.TestNG_Practice.Assertion" name="verify" time="4.442"/>
  <system-out/>
</testsuite> <!-- com.TestNG_Practice.Assertion -->
