<?xml version="1.0" encoding="UTF-8"?>
<!-- Generated by org.testng.reporters.JUnitReportReporter -->
<testsuite hostname="LAPTOP-E3P6GM11" failures="0" tests="1" name="com.PracticeTest.Amazon3" time="11.684" errors="0" timestamp="2022-02-18T13:23:31 IST" skipped="0">
  <testcase classname="com.PracticeTest.Amazon3" name="flip" time="11.684"/>
  <system-out/>
</testsuite> <!-- com.PracticeTest.Amazon3 -->
