<?xml version="1.0" encoding="UTF-8"?>
<!-- Generated by org.testng.reporters.JUnitReportReporter -->
<testsuite hostname="LAPTOP-E3P6GM11" failures="0" tests="5" name="com.TestNG_Practice.Dtaprovider_usingexcel" time="0.036" errors="0" timestamp="2022-02-22T14:15:20 IST" skipped="0">
  <testcase classname="com.TestNG_Practice.Dtaprovider_usingexcel" name="readexceldata" time="0.010"/>
  <system-out/>
  <testcase classname="com.TestNG_Practice.Dtaprovider_usingexcel" name="readexceldata" time="0.005"/>
  <system-out/>
  <testcase classname="com.TestNG_Practice.Dtaprovider_usingexcel" name="readexceldata" time="0.011"/>
  <system-out/>
  <testcase classname="com.TestNG_Practice.Dtaprovider_usingexcel" name="readexceldata" time="0.002"/>
  <system-out/>
  <testcase classname="com.TestNG_Practice.Dtaprovider_usingexcel" name="readexceldata" time="0.008"/>
  <system-out/>
</testsuite> <!-- com.TestNG_Practice.Dtaprovider_usingexcel -->
