<?xml version="1.0" encoding="UTF-8"?>
<!-- Generated by org.testng.reporters.JUnitReportReporter -->
<testsuite hostname="LAPTOP-E3P6GM11" failures="0" tests="3" name="com.TestNG_Practice.Dataprovider1" time="0.010" errors="0" timestamp="2022-02-22T12:40:38 IST" skipped="0">
  <testcase classname="com.TestNG_Practice.Dataprovider1" name="travel" time="0.007"/>
  <system-out/>
  <testcase classname="com.TestNG_Practice.Dataprovider1" name="travel" time="0.001"/>
  <system-out/>
  <testcase classname="com.TestNG_Practice.Dataprovider1" name="travel" time="0.002"/>
  <system-out/>
</testsuite> <!-- com.TestNG_Practice.Dataprovider1 -->
