<?xml version="1.0" encoding="UTF-8"?>
<!-- Generated by org.testng.reporters.JUnitReportReporter -->
<testsuite hostname="LAPTOP-E3P6GM11" failures="0" tests="1" name="com.Java_practice.Singleton" time="0.012" errors="0" timestamp="2022-02-18T12:18:56 IST" skipped="0">
  <testcase classname="com.Java_practice.Singleton" name="sample" time="0.012"/>
  <system-out/>
</testsuite> <!-- com.Java_practice.Singleton -->
