<?xml version="1.0" encoding="UTF-8"?>
<!-- Generated by org.testng.reporters.JUnitReportReporter -->
<testsuite hostname="LAPTOP-E3P6GM11" failures="0" tests="1" name="com.TestNG_Practice.TestNG_Annotations" time="0.003" errors="0" timestamp="2022-02-21T13:21:35 IST" skipped="0">
  <testcase classname="com.TestNG_Practice.TestNG_Annotations" name="Test" time="0.003"/>
  <system-out/>
</testsuite> <!-- com.TestNG_Practice.TestNG_Annotations -->
